<?xml version="1.0" encoding="UTF-8" ?>
<testsuite errors="0" failures="0" hostname="cwilliams-mac15" name="ElevatorControlSystemTest" skipped="0" tests="9" time="0.052" timestamp="2015-05-17T20:02:49">
  <properties>
    <property name="java.vendor" value="Oracle Corporation" />
    <property name="sun.java.launcher" value="SUN_STANDARD" />
    <property name="env.XPC_SERVICE_NAME" value="0" />
    <property name="sun.management.compiler" value="HotSpot 64-Bit Tiered Compilers" />
    <property name="env._system_arch" value="x86_64" />
    <property name="env.COLORFGBG" value="7;0" />
    <property name="env.GEM_HOME" value="/Users/cwilliams/.rvm/gems/ruby-2.0.0-p247" />
    <property name="os.name" value="Mac OS X" />
    <property name="sun.boot.class.path" value="/Library/Java/JavaVirtualMachines/jdk1.7.0_51.jdk/Contents/Home/jre/lib/resources.jar:/Library/Java/JavaVirtualMachines/jdk1.7.0_51.jdk/Contents/Home/jre/lib/rt.jar:/Library/Java/JavaVirtualMachines/jdk1.7.0_51.jdk/Contents/Home/jre/lib/sunrsasign.jar:/Library/Java/JavaVirtualMachines/jdk1.7.0_51.jdk/Contents/Home/jre/lib/jsse.jar:/Library/Java/JavaVirtualMachines/jdk1.7.0_51.jdk/Contents/Home/jre/lib/jce.jar:/Library/Java/JavaVirtualMachines/jdk1.7.0_51.jdk/Contents/Home/jre/lib/charsets.jar:/Library/Java/JavaVirtualMachines/jdk1.7.0_51.jdk/Contents/Home/jre/lib/jfr.jar:/Library/Java/JavaVirtualMachines/jdk1.7.0_51.jdk/Contents/Home/jre/classes" />
    <property name="env.TMPDIR" value="/var/folders/6j/5n9g43jx6xzbzs9sqnyfrj7ht4pn5w/T/" />
    <property name="env.PWD" value="/Users/cwilliams/Documents/workspace/ElevatorControlSystem" />
    <property name="env.LANG" value="en_US.UTF-8" />
    <property name="java.vm.specification.vendor" value="Oracle Corporation" />
    <property name="ant.home" value="/usr/local/Cellar/ant/1.9.4/libexec" />
    <property name="java.runtime.version" value="1.7.0_51-b13" />
    <property name="env.MY_RUBY_HOME" value="/Users/cwilliams/.rvm/rubies/ruby-2.0.0-p247" />
    <property name="env.Apple_PubSub_Socket_Render" value="/private/tmp/com.apple.launchd.eMuOFZTXij/Render" />
    <property name="env.DISPLAY" value="/private/tmp/com.apple.launchd.vbaiYWdNvG/org.macosforge.xquartz:0" />
    <property name="env.rvm_version" value="1.23.13 (master)" />
    <property name="user.name" value="cwilliams" />
    <property name="env.USER" value="cwilliams" />
    <property name="env.SHELL" value="/bin/bash" />
    <property name="env.__CF_USER_TEXT_ENCODING" value="0x344B54BC:0x0:0x0" />
    <property name="env._system_type" value="Darwin" />
    <property name="env.PATH" value="/usr/local/bin:/Users/cwilliams/bin:/opt/local/bin:/opt/local/sbin:/Users/cwilliams/.rvm/gems/ruby-2.0.0-p247/bin:/Users/cwilliams/.rvm/gems/ruby-2.0.0-p247@global/bin:/Users/cwilliams/.rvm/rubies/ruby-2.0.0-p247/bin:/Users/cwilliams/.rvm/bin:/usr/local/bin:/usr/bin:/bin:/usr/sbin:/sbin:/opt/X11/bin:/usr/local/git/bin:/Applications/Emacs.app/Contents/MacOS/bin/usr/local/mysql/bin/" />
    <property name="user.language" value="en" />
    <property name="env.rvm_prefix" value="/Users/cwilliams" />
    <property name="sun.boot.library.path" value="/Library/Java/JavaVirtualMachines/jdk1.7.0_51.jdk/Contents/Home/jre/lib" />
    <property name="ant.project.default-target" value="build" />
    <property name="env.XPC_FLAGS" value="0x0" />
    <property name="ant.project.name" value="ElevatorControlSystem" />
    <property name="env.rvm_path" value="/Users/cwilliams/.rvm" />
    <property name="env.RUBY_VERSION" value="ruby-2.0.0-p247" />
    <property name="java.version" value="1.7.0_51" />
    <property name="user.timezone" value="" />
    <property name="sun.arch.data.model" value="64" />
    <property name="env._system_name" value="OSX" />
    <property name="http.nonProxyHosts" value="local|*.local|169.254/16|*.169.254/16" />
    <property name="java.endorsed.dirs" value="/Library/Java/JavaVirtualMachines/jdk1.7.0_51.jdk/Contents/Home/jre/lib/endorsed" />
    <property name="sun.cpu.isalist" value="" />
    <property name="sun.jnu.encoding" value="UTF-8" />
    <property name="env.ITERM_SESSION_ID" value="w0t2p0" />
    <property name="env.rvm_bin_path" value="/Users/cwilliams/.rvm/bin" />
    <property name="file.encoding.pkg" value="sun.io" />
    <property name="env.SHLVL" value="1" />
    <property name="file.separator" value="/" />
    <property name="env._system_version" value="10.10" />
    <property name="java.specification.name" value="Java Platform API Specification" />
    <property name="java.class.version" value="51.0" />
    <property name="user.country" value="US" />
    <property name="java.home" value="/Library/Java/JavaVirtualMachines/jdk1.7.0_51.jdk/Contents/Home/jre" />
    <property name="java.vm.info" value="mixed mode" />
    <property name="env.LOGNAME" value="cwilliams" />
    <property name="ant.file" value="/Users/cwilliams/Documents/workspace/ElevatorControlSystem/build.xml" />
    <property name="os.version" value="10.10.3" />
    <property name="path.separator" value=":" />
    <property name="java.vm.version" value="24.51-b03" />
    <property name="ant.library.dir" value="/usr/local/Cellar/ant/1.9.4/libexec/lib" />
    <property name="junit.output.dir" value="junit" />
    <property name="env.IRBRC" value="/Users/cwilliams/.rvm/rubies/ruby-2.0.0-p247/.irbrc" />
    <property name="java.awt.printerjob" value="sun.lwawt.macosx.CPrinterJob" />
    <property name="env.TERM" value="xterm" />
    <property name="sun.io.unicode.encoding" value="UnicodeBig" />
    <property name="awt.toolkit" value="sun.lwawt.macosx.LWCToolkit" />
    <property name="socksNonProxyHosts" value="local|*.local|169.254/16|*.169.254/16" />
    <property name="ftp.nonProxyHosts" value="local|*.local|169.254/16|*.169.254/16" />
    <property name="env.GEM_PATH" value="/Users/cwilliams/.rvm/gems/ruby-2.0.0-p247:/Users/cwilliams/.rvm/gems/ruby-2.0.0-p247@global" />
    <property name="user.home" value="/Users/cwilliams" />
    <property name="target" value="1.7" />
    <property name="java.specification.vendor" value="Oracle Corporation" />
    <property name="env.TERM_PROGRAM" value="iTerm.app" />
    <property name="java.vendor.url" value="http://java.oracle.com/" />
    <property name="java.library.path" value="/Users/cwilliams/Library/Java/Extensions:/Library/Java/Extensions:/Network/Library/Java/Extensions:/System/Library/Java/Extensions:/usr/lib/java:." />
    <property name="gopherProxySet" value="false" />
    <property name="java.vm.vendor" value="Oracle Corporation" />
    <property name="java.runtime.name" value="Java(TM) SE Runtime Environment" />
    <property name="ant.version" value="Apache Ant(TM) version 1.9.4 compiled on April 29 2014" />
    <property name="sun.java.command" value="org.apache.tools.ant.taskdefs.optional.junit.JUnitTestRunner ElevatorControlSystemTest skipNonTests=false filtertrace=true haltOnError=false haltOnFailure=false formatter=org.apache.tools.ant.taskdefs.optional.junit.OutErrSummaryJUnitResultFormatter showoutput=false outputtoformatters=true logfailedtests=true threadid=0 logtestlistenerevents=false formatter=org.apache.tools.ant.taskdefs.optional.junit.XMLJUnitResultFormatter,/Users/cwilliams/Documents/workspace/ElevatorControlSystem/junit/TEST-ElevatorControlSystemTest.xml crashfile=/Users/cwilliams/Documents/workspace/ElevatorControlSystem/junitvmwatcher9059523457525527994.properties propsfile=/Users/cwilliams/Documents/workspace/ElevatorControlSystem/junit7757946254570184202.properties" />
    <property name="java.class.path" value="/Users/cwilliams/Documents/workspace/ElevatorControlSystem/bin:/Users/cwilliams/Downloads/eclipse/plugins/org.junit_4.11.0.v201303080030/junit.jar:/Users/cwilliams/Downloads/eclipse/plugins/org.hamcrest.core_1.3.0.v201303031735.jar:/usr/local/Cellar/ant/1.9.4/libexec/lib/ant-launcher.jar:/usr/local/Cellar/ant/1.9.4/libexec/lib/ant.jar:/usr/local/Cellar/ant/1.9.4/libexec/lib/ant-junit.jar:/usr/local/Cellar/ant/1.9.4/libexec/lib/ant-junit4.jar" />
    <property name="ant.file.ElevatorControlSystem" value="/Users/cwilliams/Documents/workspace/ElevatorControlSystem/build.xml" />
    <property name="java.vm.specification.name" value="Java Virtual Machine Specification" />
    <property name="ant.file.type" value="file" />
    <property name="java.vm.specification.version" value="1.7" />
    <property name="sun.cpu.endian" value="little" />
    <property name="sun.os.patch.level" value="unknown" />
    <property name="debuglevel" value="source,lines,vars" />
    <property name="env.HOME" value="/Users/cwilliams" />
    <property name="java.io.tmpdir" value="/var/folders/6j/5n9g43jx6xzbzs9sqnyfrj7ht4pn5w/T/" />
    <property name="java.vendor.url.bug" value="http://bugreport.sun.com/bugreport/" />
    <property name="env.SSH_AUTH_SOCK" value="/private/tmp/com.apple.launchd.iQ4A3zHCiY/Listeners" />
    <property name="java.awt.graphicsenv" value="sun.awt.CGraphicsEnvironment" />
    <property name="os.arch" value="x86_64" />
    <property name="java.ext.dirs" value="/Users/cwilliams/Library/Java/Extensions:/Library/Java/JavaVirtualMachines/jdk1.7.0_51.jdk/Contents/Home/jre/lib/ext:/Library/Java/Extensions:/Network/Library/Java/Extensions:/System/Library/Java/Extensions:/usr/lib/java" />
    <property name="user.dir" value="/Users/cwilliams/Documents/workspace/ElevatorControlSystem" />
    <property name="line.separator" value="&#xa;" />
    <property name="java.vm.name" value="Java HotSpot(TM) 64-Bit Server VM" />
    <property name="basedir" value="/Users/cwilliams/Documents/workspace/ElevatorControlSystem" />
    <property name="env.ITERM_PROFILE" value="Default" />
    <property name="ant.java.version" value="1.7" />
    <property name="ant.core.lib" value="/usr/local/Cellar/ant/1.9.4/libexec/lib/ant.jar" />
    <property name="source" value="1.7" />
    <property name="file.encoding" value="UTF-8" />
    <property name="env.JAVA_MAIN_CLASS_16101" value="org.apache.tools.ant.launch.Launcher" />
    <property name="java.specification.version" value="1.7" />
    <property name="ant.project.invoked-targets" value="ElevatorControlSystemTest,ElevatorTest" />
    <property name="ant.file.type.ElevatorControlSystem" value="file" />
  </properties>
  <testcase classname="ElevatorControlSystemTest" name="directionRetained" time="0.003" />
  <testcase classname="ElevatorControlSystemTest" name="wrongDirectionInconvenient" time="0.0" />
  <testcase classname="ElevatorControlSystemTest" name="multipleElevatorsEngaged" time="0.0" />
  <testcase classname="ElevatorControlSystemTest" name="updateElevator" time="0.0" />
  <testcase classname="ElevatorControlSystemTest" name="allElevatorsStartAtGroundFloor" time="0.0" />
  <testcase classname="ElevatorControlSystemTest" name="sameFloorPickupRequest" time="0.0" />
  <testcase classname="ElevatorControlSystemTest" name="onTheWay" time="0.0" />
  <testcase classname="ElevatorControlSystemTest" name="differentFloorPickupRequest" time="0.0" />
  <testcase classname="ElevatorControlSystemTest" name="everythingInconvenient" time="0.001" />
  <system-out><![CDATA[]]></system-out>
  <system-err><![CDATA[]]></system-err>
</testsuite>
